Arguments: 
  C:\Program Files\nodejs\node.exe C:\Program Files\nodejs\node_modules\yarn\bin\yarn.js install

PATH: 
  C:\Users\angel\Downloads\console\bin;C:\Users\angel\Downloads\console\vendor\conemu-maximus5\ConEmu\Scripts;C:\Users\angel\Downloads\console\vendor\conemu-maximus5;C:\Users\angel\Downloads\console\vendor\conemu-maximus5\ConEmu;C:\ProgramData\Oracle\Java\javapath;C:\Windows\system32;C:\Windows;C:\Windows\System32\Wbem;C:\Windows\System32\WindowsPowerShell\v1.0\;C:\Users\angel\AppData\Roaming\nvm;C:\Program Files\nodejs;C:\Program Files\Git\cmd;C:\Program Files (x86)\Heroku\bin;C:\Program Files (x86)\git\cmd;C:\Program Files (x86)\Git\cmd;C:\Program Files\MongoDB\Server\3.2\bin;C:\Program Files (x86)\Windows Kits\8.1\Windows Performance Toolkit\;C:\Program Files\Java\jdk1.8.0_101\bin;C:\Users\angel\AppData\Local\Android\sdk\build-tools\24.0.2;C:\Program Files\Java\jdk1.8.0_112\bin;\bin;C:\ProgramData\chocolatey\bin;C:\Program Files\Java\jdk1.8.0_112\bin;C:\Users\angel\AppData\Local\Microsoft\WindowsApps;C:\Users\angel\AppData\Local\atom\bin;C:\Users\angel\.babun;C:\Program Files (x86)\Microsoft VS Code\bin;C:\Users\angel\AppData\Local\.meteor\;C:\Users\angel\AppData\Local\Android\android-sdk\tools;C:\Users\angel\AppData\Local\Android\android-sdk\platform-tools;C:\Program Files\Git\usr\bin;C:\Program Files\Git\usr\share\vim\vim74;C:\Users\angel\Downloads\console\

Yarn version: 
  0.17.0

Node version: 
  6.4.0

Platform: 
  win32 x64

npm manifest: 
  {
    "name": "Restaurant",
    "version": "0.0.0",
    "private": true,
    "scripts": {
      "start": "supervisor ./bin/www"
    },
    "dependencies": {
      "body-parser": "~1.15.1",
      "cookie-parser": "~1.4.3",
      "cors": "^2.8.1",
      "debug": "~2.2.0",
      "express": "~4.13.4",
      "jade": "~1.11.0",
      "lodash": "^4.17.2",
      "morgan": "~1.7.0",
      "pg": "^6.1.0",
      "sequelize": "^3.27.0",
      "serve-favicon": "~2.3.0"
    }
  }

yarn manifest: 
  No manifest

Lockfile: 
  No lockfile

Trace: 
  Error: getaddrinfo ENOTFOUND registry.yarnpkg.com registry.yarnpkg.com:443
      at errnoException (dns.js:28:10)
      at GetAddrInfoReqWrap.onlookup [as oncomplete] (dns.js:79:26)
